<?xml version="1.0" encoding="UTF-8"?>
<!-- Generated by org.testng.reporters.JUnitReportReporter -->
<testsuite hostname="DESKTOP-JJ75SLA" failures="0" tests="3" name="testNG.priority" time="0.018" errors="0" timestamp="2022-12-25T10:11:03 IST" skipped="0">
  <testcase classname="testNG.priority" name="chikoo" time="0.002"/>
  <system-out/>
  <testcase classname="testNG.priority" name="banana" time="0.011"/>
  <system-out/>
  <testcase classname="testNG.priority" name="apple" time="0.005"/>
  <system-out/>
</testsuite> <!-- testNG.priority -->
