<?xml version="1.0" encoding="UTF-8"?>
<!-- Generated by org.testng.reporters.JUnitReportReporter -->
<testsuite hostname="DESKTOP-JJ75SLA" failures="0" tests="3" name="testNG.sequence" time="0.015" errors="0" timestamp="2022-12-24T10:11:36 IST" skipped="0">
  <testcase classname="testNG.sequence" name="chikoo" time="0.009"/>
  <system-out/>
  <testcase classname="testNG.sequence" name="banana" time="0.004"/>
  <system-out/>
  <testcase classname="testNG.sequence" name="apple" time="0.002"/>
  <system-out/>
</testsuite> <!-- testNG.sequence -->
