<?xml version="1.0" encoding="UTF-8"?>
<!-- Generated by org.testng.reporters.JUnitReportReporter -->
<testsuite hostname="DESKTOP-JJ75SLA" failures="0" tests="2" name="testNG.dependsOnJava" time="0.026" errors="0" timestamp="2022-12-24T10:11:36 IST" skipped="0">
  <testcase classname="testNG.dependsOnJava" name="acceptRequest" time="0.011"/>
  <system-out/>
  <testcase classname="testNG.dependsOnJava" name="sendRequest" time="0.015"/>
  <system-out/>
</testsuite> <!-- testNG.dependsOnJava -->
