<?xml version="1.0" encoding="UTF-8"?>
<!-- Generated by org.testng.reporters.JUnitReportReporter -->
<testsuite hostname="DESKTOP-JJ75SLA" failures="0" tests="2" name="testNG.dependsOnJava" time="0.008" errors="0" timestamp="2022-12-25T10:11:03 IST" skipped="0">
  <testcase classname="testNG.dependsOnJava" name="acceptRequest" time="0.002"/>
  <system-out/>
  <testcase classname="testNG.dependsOnJava" name="sendRequest" time="0.006"/>
  <system-out/>
</testsuite> <!-- testNG.dependsOnJava -->
