<?xml version="1.0" encoding="UTF-8"?>
<!-- Generated by org.testng.reporters.JUnitReportReporter -->
<testsuite hostname="DESKTOP-JJ75SLA" failures="0" tests="1" name="testNG.XMLparametrization" time="58.608" errors="0" timestamp="2022-12-25T10:11:03 IST" skipped="0">
  <testcase classname="testNG.XMLparametrization" name="loginTest" time="58.608"/>
  <system-out/>
</testsuite> <!-- testNG.XMLparametrization -->
