<?xml version="1.0" encoding="UTF-8"?>
<!-- Generated by org.testng.reporters.JUnitReportReporter -->
<testsuite hostname="DESKTOP-JJ75SLA" failures="0" tests="3" name="testNG.sequence" time="0.005" errors="0" timestamp="2022-12-23T19:36:31 IST" skipped="0">
  <testcase classname="testNG.sequence" name="chikoo" time="0.003"/>
  <system-out/>
  <testcase classname="testNG.sequence" name="banana" time="0.001"/>
  <system-out/>
  <testcase classname="testNG.sequence" name="apple" time="0.001"/>
  <system-out/>
</testsuite> <!-- testNG.sequence -->
