<?xml version="1.0" encoding="UTF-8"?>
<!-- Generated by org.testng.reporters.JUnitReportReporter -->
<testsuite hostname="DESKTOP-JJ75SLA" failures="0" tests="1" name="testNG.login" time="0.008" errors="0" timestamp="2022-12-23T19:36:31 IST" skipped="0">
  <testcase classname="testNG.login" name="m1" time="0.008"/>
  <system-out/>
</testsuite> <!-- testNG.login -->
